<?xml version="1.0" encoding="UTF-8"?>
<!-- Generated by org.testng.reporters.JUnitReportReporter -->
<testsuite skipped="0" hostname="DESKTOP-EQ55Q8H" name="cucumberOptions.TestNGTestRunner" tests="1" failures="0" timestamp="2022-03-10T12:32:07 IST" time="11.567" errors="0">
  <testcase name="runScenario" time="11.567" classname="cucumberOptions.TestNGTestRunner"/>
  <system-out/>
</testsuite> <!-- cucumberOptions.TestNGTestRunner -->
